{"data":{},"file":"main.go:24","func":"main.main","level":"info","msg":"Starting API Gateway on port: 8081\n","time":"06-11-2021 08:44:08"}
{"data":{},"file":"main.go:115","func":"main.main","level":"info","msg":"Recieved terminate, graceful shutdown with sigtype: interrupt\n","time":"06-11-2021 08:45:18"}
{"data":{},"file":"main.go:107","func":"main.main.func1","level":"fatal","msg":"while serving: http: Server closed\n","time":"06-11-2021 08:45:18"}
{"data":{},"file":"main.go:24","func":"main.main","level":"info","msg":"Starting API Gateway on port: 8081\n","time":"06-11-2021 08:45:23"}
{"data":{},"file":"main.go:115","func":"main.main","level":"info","msg":"Recieved terminate, graceful shutdown with sigtype: interrupt\n","time":"06-11-2021 08:45:25"}
{"data":{},"file":"main.go:107","func":"main.main.func1","level":"fatal","msg":"while serving: http: Server closed\n","time":"06-11-2021 08:45:25"}
{"data":{},"file":"main.go:24","func":"main.main","level":"info","msg":"Starting API Gateway on port: 8081\n","time":"06-11-2021 09:04:11"}
{"data":{},"file":"main.go:115","func":"main.main","level":"info","msg":"Recieved terminate, graceful shutdown with sigtype: interrupt\n","time":"06-11-2021 09:04:14"}
{"data":{},"file":"main.go:107","func":"main.main.func1","level":"fatal","msg":"while serving: http: Server closed\n","time":"06-11-2021 09:04:14"}
{"data":{},"file":"main.go:24","func":"main.main","level":"info","msg":"Starting API Gateway on port: 8081\n","time":"06-11-2021 10:46:41"}
{"data":{},"file":"post.go:282","func":"saltgram/api/handlers.(*Auth).Login","level":"error","msg":"failure calling login: rpc error: code = Unavailable desc = connection error: desc = \"transport: authentication handshake failed: x509: certificate is valid for localhost, not saltgram-api-gateway\"\n","time":"06-11-2021 10:50:12"}
{"data":{},"file":"main.go:117","func":"main.main","level":"info","msg":"Recieved terminate, graceful shutdown with sigtype: interrupt\n","time":"06-11-2021 10:50:32"}
{"data":{},"file":"main.go:109","func":"main.main.func1","level":"fatal","msg":"while serving: http: Server closed\n","time":"06-11-2021 10:50:32"}
{"data":{},"file":"main.go:24","func":"main.main","level":"info","msg":"Starting API Gateway on port: 8081\n","time":"06-11-2021 10:51:36"}
{"data":{},"file":"post.go:282","func":"saltgram/api/handlers.(*Auth).Login","level":"error","msg":"failure calling login: rpc error: code = Unavailable desc = connection error: desc = \"transport: authentication handshake failed: x509: certificate is valid for localhost, saltgram-auth, not saltgram-api-gateway\"\n","time":"06-11-2021 10:51:41"}
{"data":{},"file":"main.go:117","func":"main.main","level":"info","msg":"Recieved terminate, graceful shutdown with sigtype: interrupt\n","time":"06-11-2021 10:53:59"}
{"data":{},"file":"main.go:24","func":"main.main","level":"info","msg":"Starting API Gateway on port: 8081\n","time":"06-11-2021 10:54:03"}
{"data":{},"file":"post.go:282","func":"saltgram/api/handlers.(*Auth).Login","level":"error","msg":"failure calling login: rpc error: code = Unavailable desc = connection error: desc = \"transport: authentication handshake failed: x509: certificate is valid for localhost, saltgram-auth, not saltgram-api-gateway\"\n","time":"06-11-2021 10:54:07"}
{"data":{},"file":"main.go:117","func":"main.main","level":"info","msg":"Recieved terminate, graceful shutdown with sigtype: interrupt\n","time":"06-11-2021 10:54:49"}
{"data":{},"file":"main.go:109","func":"main.main.func1","level":"fatal","msg":"while serving: http: Server closed\n","time":"06-11-2021 10:54:49"}
{"data":{},"file":"main.go:24","func":"main.main","level":"info","msg":"Starting API Gateway on port: 8081\n","time":"06-11-2021 10:54:53"}
{"data":{},"file":"post.go:282","func":"saltgram/api/handlers.(*Auth).Login","level":"error","msg":"failure calling login: rpc error: code = Unavailable desc = connection error: desc = \"transport: authentication handshake failed: x509: certificate is valid for localhost, saltgram-auth, not saltgram-api-gateway\"\n","time":"06-11-2021 10:54:56"}
{"data":{},"file":"post.go:282","func":"saltgram/api/handlers.(*Auth).Login","level":"error","msg":"failure calling login: rpc error: code = Unavailable desc = connection error: desc = \"transport: authentication handshake failed: x509: certificate is valid for localhost, saltgram-auth, not saltgram-api-gateway\"\n","time":"06-11-2021 10:55:04"}
{"data":{},"file":"main.go:117","func":"main.main","level":"info","msg":"Recieved terminate, graceful shutdown with sigtype: interrupt\n","time":"06-11-2021 10:55:46"}
{"data":{},"file":"main.go:109","func":"main.main.func1","level":"fatal","msg":"while serving: http: Server closed\n","time":"06-11-2021 10:55:46"}
{"data":{},"file":"main.go:24","func":"main.main","level":"info","msg":"Starting API Gateway on port: 8081\n","time":"06-11-2021 10:55:52"}
{"data":{},"file":"post.go:287","func":"saltgram/api/handlers.(*Auth).Login","level":"info","msg":"jovan logged in\n","time":"06-11-2021 10:56:01"}
{"data":{},"file":"post.go:287","func":"saltgram/api/handlers.(*Auth).Login","level":"info","msg":"jovan logged in\n","time":"06-11-2021 10:56:34"}
{"data":{},"file":"main.go:117","func":"main.main","level":"info","msg":"Recieved terminate, graceful shutdown with sigtype: interrupt\n","time":"06-11-2021 11:00:24"}
{"data":{},"file":"main.go:109","func":"main.main.func1","level":"fatal","msg":"while serving: http: Server closed\n","time":"06-11-2021 11:00:24"}
{"data":{},"file":"main.go:24","func":"main.main","level":"info","msg":"Starting API Gateway on port: 8081\n","time":"06-11-2021 11:00:32"}
{"data":{},"file":"post.go:287","func":"saltgram/api/handlers.(*Auth).Login","level":"info","msg":"jovan logged in\n","time":"06-11-2021 11:01:17"}
{"data":{},"file":"post.go:287","func":"saltgram/api/handlers.(*Auth).Login","level":"info","msg":"jovan logged in\n","time":"06-11-2021 11:01:32"}
{"data":{},"file":"post.go:287","func":"saltgram/api/handlers.(*Auth).Login","level":"info","msg":"jovan logged in\n","time":"06-11-2021 11:02:52"}
{"data":{},"file":"main.go:117","func":"main.main","level":"info","msg":"Recieved terminate, graceful shutdown with sigtype: interrupt\n","time":"06-11-2021 11:05:52"}
{"data":{},"file":"main.go:109","func":"main.main.func1","level":"fatal","msg":"while serving: http: Server closed\n","time":"06-11-2021 11:05:52"}
{"data":{},"file":"main.go:24","func":"main.main","level":"info","msg":"Starting API Gateway on port: 8081\n","time":"06-11-2021 11:05:57"}
{"data":{},"file":"main.go:117","func":"main.main","level":"info","msg":"Recieved terminate, graceful shutdown with sigtype: interrupt\n","time":"06-11-2021 11:07:25"}
{"data":{},"file":"main.go:109","func":"main.main.func1","level":"fatal","msg":"while serving: http: Server closed\n","time":"06-11-2021 11:07:25"}
{"data":{},"file":"main.go:24","func":"main.main","level":"info","msg":"Starting API Gateway on port: 8081\n","time":"06-11-2021 11:07:30"}
{"data":{},"file":"post.go:287","func":"saltgram/api/handlers.(*Auth).Login","level":"info","msg":"jovan logged in\n","time":"06-11-2021 11:08:34"}
{"data":{},"file":"post.go:287","func":"saltgram/api/handlers.(*Auth).Login","level":"info","msg":"jovan logged in\n","time":"06-11-2021 11:17:23"}
{"data":{},"file":"post.go:287","func":"saltgram/api/handlers.(*Auth).Login","level":"info","msg":"jovan logged in\n","time":"06-11-2021 11:21:12"}
{"data":{},"file":"main.go:117","func":"main.main","level":"info","msg":"Recieved terminate, graceful shutdown with sigtype: interrupt\n","time":"06-11-2021 11:23:03"}
{"data":{},"file":"main.go:109","func":"main.main.func1","level":"fatal","msg":"while serving: http: Server closed\n","time":"06-11-2021 11:23:03"}
{"data":{},"file":"main.go:24","func":"main.main","level":"info","msg":"Starting API Gateway on port: 8081\n","time":"06-11-2021 11:23:09"}
{"data":{},"file":"post.go:287","func":"saltgram/api/handlers.(*Auth).Login","level":"info","msg":"jovan logged in\n","time":"06-11-2021 11:24:04"}
{"data":{},"file":"post.go:287","func":"saltgram/api/handlers.(*Auth).Login","level":"info","msg":"jovan logged in\n","time":"06-11-2021 11:29:16"}
{"data":{},"file":"post.go:287","func":"saltgram/api/handlers.(*Auth).Login","level":"info","msg":"jovan logged in\n","time":"06-11-2021 11:32:06"}
{"data":{},"file":"post.go:287","func":"saltgram/api/handlers.(*Auth).Login","level":"info","msg":"jovan logged in\n","time":"06-11-2021 11:33:52"}
{"data":{},"file":"post.go:287","func":"saltgram/api/handlers.(*Auth).Login","level":"info","msg":"jovan logged in\n","time":"06-11-2021 11:40:01"}
{"data":{},"file":"main.go:117","func":"main.main","level":"info","msg":"Recieved terminate, graceful shutdown with sigtype: interrupt\n","time":"06-11-2021 11:41:56"}
{"data":{},"file":"main.go:109","func":"main.main.func1","level":"fatal","msg":"while serving: http: Server closed\n","time":"06-11-2021 11:41:56"}
{"data":{},"file":"main.go:24","func":"main.main","level":"info","msg":"Starting API Gateway on port: 8081\n","time":"06-11-2021 11:45:19"}
{"data":{},"file":"post.go:287","func":"saltgram/api/handlers.(*Auth).Login","level":"info","msg":"jovan logged in\n","time":"06-11-2021 11:46:36"}
{"data":{},"file":"get.go:23","func":"saltgram/api/handlers.(*Auth).Authenticate2FA","level":"error","msg":"failed to authenticate 2fa token: 087560, error: rpc error: code = InvalidArgument desc = Bad request\n","time":"06-11-2021 11:47:30"}
{"data":{},"file":"post.go:287","func":"saltgram/api/handlers.(*Auth).Login","level":"info","msg":"jovan logged in\n","time":"06-11-2021 11:49:48"}
{"data":{},"file":"post.go:287","func":"saltgram/api/handlers.(*Auth).Login","level":"info","msg":"jovan logged in\n","time":"06-11-2021 11:51:31"}
{"data":{},"file":"get.go:45","func":"saltgram/api/handlers.(*Auth).Refresh","level":"info","msg":"Refreshing token: eyJhbGciOiJIUzI1NiIsInR5cCI6IkpXVCJ9.eyJ1c2VybmFtZSI6ImpvdmFuIiwicGFzc3dvcmQiOiIkMmEkMTAkMXh2RUFtWmdDOElML3RKLnZwbkprLjExU2ZYUkFLc1BUZnVwZmFQZG9kNnJYd0dua29jbWEiLCJzdGFuZGFyZENsYWltcyI6eyJleHAiOjE2MjM0MDUwOTYsImlzcyI6IlNhbHRHcmFtIn19.csz1L607A4rOXWXpCulry8CUyuD7qnwfHmjltcSjc_o\n","time":"06-11-2021 11:51:45"}
{"data":{},"file":"get.go:40","func":"saltgram/api/handlers.(*Auth).Refresh","level":"error","msg":"failed to get user jws: jws not found\n","time":"06-11-2021 11:52:15"}
{"data":{},"file":"post.go:287","func":"saltgram/api/handlers.(*Auth).Login","level":"info","msg":"jovan logged in\n","time":"06-11-2021 11:53:46"}
{"data":{},"file":"post.go:287","func":"saltgram/api/handlers.(*Auth).Login","level":"info","msg":"jovan logged in\n","time":"06-11-2021 11:54:16"}
{"data":{},"file":"get.go:45","func":"saltgram/api/handlers.(*Auth).Refresh","level":"info","msg":"Refreshing token: eyJhbGciOiJIUzI1NiIsInR5cCI6IkpXVCJ9.eyJ1c2VybmFtZSI6ImpvdmFuIiwicGFzc3dvcmQiOiIkMmEkMTAkMXh2RUFtWmdDOElML3RKLnZwbkprLjExU2ZYUkFLc1BUZnVwZmFQZG9kNnJYd0dua29jbWEiLCJzdGFuZGFyZENsYWltcyI6eyJleHAiOjE2MjM0MDUyNjEsImlzcyI6IlNhbHRHcmFtIn19.BeZC8jpB35yrP_bRlGErC2Ra5ElgxMoD_VdoOlsg8LY\n","time":"06-11-2021 11:54:26"}
{"data":{},"file":"get.go:40","func":"saltgram/api/handlers.(*Auth).Refresh","level":"error","msg":"failed to get user jws: jws not found\n","time":"06-11-2021 11:54:42"}
{"data":{},"file":"main.go:117","func":"main.main","level":"info","msg":"Recieved terminate, graceful shutdown with sigtype: interrupt\n","time":"06-11-2021 11:55:12"}
{"data":{},"file":"main.go:109","func":"main.main.func1","level":"fatal","msg":"while serving: http: Server closed\n","time":"06-11-2021 11:55:12"}
{"data":{},"file":"main.go:24","func":"main.main","level":"info","msg":"Starting API Gateway on port: 8081\n","time":"06-11-2021 11:55:17"}
{"data":{},"file":"post.go:287","func":"saltgram/api/handlers.(*Auth).Login","level":"info","msg":"jovan logged in\n","time":"06-11-2021 11:56:18"}
{"data":{},"file":"get.go:45","func":"saltgram/api/handlers.(*Auth).Refresh","level":"info","msg":"Refreshing token: eyJhbGciOiJIUzI1NiIsInR5cCI6IkpXVCJ9.eyJ1c2VybmFtZSI6ImpvdmFuIiwicGFzc3dvcmQiOiIkMmEkMTAkMXh2RUFtWmdDOElML3RKLnZwbkprLjExU2ZYUkFLc1BUZnVwZmFQZG9kNnJYd0dua29jbWEiLCJzdGFuZGFyZENsYWltcyI6eyJleHAiOjE2MjM0MDUzODMsImlzcyI6IlNhbHRHcmFtIn19.k5HcMovckCLyz8ePCUNCESV56UWhQ1OSmRgRrM8kyc8\n","time":"06-11-2021 11:56:37"}
{"data":{},"file":"get.go:45","func":"saltgram/api/handlers.(*Auth).Refresh","level":"info","msg":"Refreshing token: eyJhbGciOiJIUzI1NiIsInR5cCI6IkpXVCJ9.eyJ1c2VybmFtZSI6ImpvdmFuIiwicGFzc3dvcmQiOiIkMmEkMTAkMXh2RUFtWmdDOElML3RKLnZwbkprLjExU2ZYUkFLc1BUZnVwZmFQZG9kNnJYd0dua29jbWEiLCJzdGFuZGFyZENsYWltcyI6eyJleHAiOjE2MjM0MDU0NTcsImlzcyI6IlNhbHRHcmFtIn19.XSQuTZTOZGoQUsSgG3XUiwiN2fF1EPnsD34DRfNH5lI\n","time":"06-11-2021 11:56:50"}
{"data":{},"file":"post.go:282","func":"saltgram/api/handlers.(*Auth).Login","level":"error","msg":"failure calling login: rpc error: code = InvalidArgument desc = Bad request\n","time":"06-11-2021 11:56:58"}
{"data":{},"file":"post.go:287","func":"saltgram/api/handlers.(*Auth).Login","level":"info","msg":"jovan logged in\n","time":"06-11-2021 11:57:01"}
{"data":{},"file":"get.go:45","func":"saltgram/api/handlers.(*Auth).Refresh","level":"info","msg":"Refreshing token: eyJhbGciOiJIUzI1NiIsInR5cCI6IkpXVCJ9.eyJ1c2VybmFtZSI6ImpvdmFuIiwicGFzc3dvcmQiOiIkMmEkMTAkQkprM1JCQS5QWEZQV3NUbVRKQm1FdTU0dlgxWGl5cDdZOFVTL2o2RjQxUHlUMjlsWGNvOHEiLCJzdGFuZGFyZENsYWltcyI6eyJleHAiOjE2MjM0MDU0MjYsImlzcyI6IlNhbHRHcmFtIn19.VqP6XtC5FkBbTbIn0Nm0m5NLaLlgCsuvEERum2JJ78Q\n","time":"06-11-2021 11:57:16"}
{"data":{},"file":"post.go:287","func":"saltgram/api/handlers.(*Auth).Login","level":"info","msg":"jovan logged in\n","time":"06-11-2021 11:58:24"}
{"data":{},"file":"main.go:117","func":"main.main","level":"info","msg":"Recieved terminate, graceful shutdown with sigtype: interrupt\n","time":"06-11-2021 12:00:11"}
{"data":{},"file":"main.go:109","func":"main.main.func1","level":"fatal","msg":"while serving: http: Server closed\n","time":"06-11-2021 12:00:11"}
{"data":{},"file":"main.go:24","func":"main.main","level":"info","msg":"Starting API Gateway on port: 8081\n","time":"06-11-2021 13:09:02"}
{"data":{},"file":"post.go:287","func":"saltgram/api/handlers.(*Auth).Login","level":"info","msg":"jovan logged in\n","time":"06-11-2021 13:09:46"}
{"data":{},"file":"post.go:287","func":"saltgram/api/handlers.(*Auth).Login","level":"info","msg":"jovan logged in\n","time":"06-11-2021 13:10:00"}
{"data":{},"file":"get.go:45","func":"saltgram/api/handlers.(*Auth).Refresh","level":"info","msg":"Refreshing token: eyJhbGciOiJIUzI1NiIsInR5cCI6IkpXVCJ9.eyJ1c2VybmFtZSI6ImpvdmFuIiwicGFzc3dvcmQiOiIkMmEkMTAkazVDZWVzbHloVi8ya0xQdDMvY2tHT0pMYmtnTmVmT3NCSWlCR0tWcjJ4WVNQeDh6L04ybmUiLCJzdGFuZGFyZENsYWltcyI6eyJleHAiOjE2MjM0MDk4MDUsImlzcyI6IlNhbHRHcmFtIn19.6Iqu58OQgRP9Jr-5KU8rwK4qlooQ4awyQqK8ZVzf7BE\n","time":"06-11-2021 13:10:25"}
{"data":{},"file":"main.go:117","func":"main.main","level":"info","msg":"Recieved terminate, graceful shutdown with sigtype: interrupt\n","time":"06-11-2021 13:10:40"}
{"data":{},"file":"main.go:109","func":"main.main.func1","level":"fatal","msg":"while serving: http: Server closed\n","time":"06-11-2021 13:10:40"}
{"data":{},"file":"main.go:24","func":"main.main","level":"info","msg":"Starting API Gateway on port: 8081\n","time":"06-14-2021 08:18:42"}
{"data":{},"file":"post.go:287","func":"saltgram/api/handlers.(*Auth).Login","level":"info","msg":"jovan logged in\n","time":"06-14-2021 08:22:19"}
{"data":{},"file":"get.go:45","func":"saltgram/api/handlers.(*Auth).Refresh","level":"info","msg":"Refreshing token: eyJhbGciOiJIUzI1NiIsInR5cCI6IkpXVCJ9.eyJ1c2VybmFtZSI6ImpvdmFuIiwicGFzc3dvcmQiOiIkMmEkMTAkazVDZWVzbHloVi8ya0xQdDMvY2tHT0pMYmtnTmVmT3NCSWlCR0tWcjJ4WVNQeDh6L04ybmUiLCJzdGFuZGFyZENsYWltcyI6eyJleHAiOjE2MjM2NTE3NDQsImlzcyI6IlNhbHRHcmFtIn19.Lk9Cn3uGm5Gu1ETUL1wIwoGRoJrCN3vZT7eh7l2-Oag\n","time":"06-14-2021 08:22:42"}
{"data":{},"file":"main.go:117","func":"main.main","level":"info","msg":"Recieved terminate, graceful shutdown with sigtype: interrupt\n","time":"06-14-2021 08:26:22"}
{"data":{},"file":"main.go:109","func":"main.main.func1","level":"fatal","msg":"while serving: http: Server closed\n","time":"06-14-2021 08:26:22"}
{"data":{},"file":"main.go:24","func":"main.main","level":"info","msg":"Starting API Gateway on port: 8081\n","time":"06-14-2021 12:13:14"}
{"data":{},"file":"post.go:287","func":"saltgram/api/handlers.(*Auth).Login","level":"info","msg":"jovan logged in\n","time":"06-14-2021 12:14:06"}
{"data":{},"file":"get.go:45","func":"saltgram/api/handlers.(*Auth).Refresh","level":"info","msg":"Refreshing token: eyJhbGciOiJIUzI1NiIsInR5cCI6IkpXVCJ9.eyJ1c2VybmFtZSI6ImpvdmFuIiwicGFzc3dvcmQiOiIkMmEkMTAkazVDZWVzbHloVi8ya0xQdDMvY2tHT0pMYmtnTmVmT3NCSWlCR0tWcjJ4WVNQeDh6L04ybmUiLCJzdGFuZGFyZENsYWltcyI6eyJleHAiOjE2MjM2NjU2NTEsImlzcyI6IlNhbHRHcmFtIn19.4IgOkH6OAuvPK2LQxlWgd-t1eei8oYYnX6v2OEi1oCc\n","time":"06-14-2021 12:14:26"}
{"data":{},"file":"main.go:118","func":"main.main","level":"info","msg":"Recieved terminate, graceful shutdown with sigtype: interrupt\n","time":"06-14-2021 12:27:17"}
{"data":{},"file":"main.go:110","func":"main.main.func1","level":"fatal","msg":"while serving: http: Server closed\n","time":"06-14-2021 12:27:17"}
{"data":{},"file":"main.go:24","func":"main.main","level":"info","msg":"Starting API Gateway on port: 8081\n","time":"06-14-2021 12:27:23"}
{"data":{},"file":"get.go:40","func":"saltgram/api/handlers.(*Auth).Refresh","level":"error","msg":"failed to get user jws: jws not found\n","time":"06-14-2021 12:28:57"}
{"data":{},"file":"post.go:287","func":"saltgram/api/handlers.(*Auth).Login","level":"info","msg":"jovan logged in\n","time":"06-14-2021 12:29:08"}
{"data":{},"file":"get.go:45","func":"saltgram/api/handlers.(*Auth).Refresh","level":"info","msg":"Refreshing token: eyJhbGciOiJIUzI1NiIsInR5cCI6IkpXVCJ9.eyJ1c2VybmFtZSI6ImpvdmFuIiwicGFzc3dvcmQiOiIkMmEkMTAkazVDZWVzbHloVi8ya0xQdDMvY2tHT0pMYmtnTmVmT3NCSWlCR0tWcjJ4WVNQeDh6L04ybmUiLCJzdGFuZGFyZENsYWltcyI6eyJleHAiOjE2MjM2NjY1NTMsImlzcyI6IlNhbHRHcmFtIn19.BrEDZtgrt4oV85RHNtX9_-OGD1XMl4BL6sO0EmOgtdU\n","time":"06-14-2021 12:29:27"}
{"data":{},"file":"get.go:45","func":"saltgram/api/handlers.(*Auth).Refresh","level":"info","msg":"Refreshing token: eyJhbGciOiJIUzI1NiIsInR5cCI6IkpXVCJ9.eyJ1c2VybmFtZSI6ImpvdmFuIiwicGFzc3dvcmQiOiIkMmEkMTAkazVDZWVzbHloVi8ya0xQdDMvY2tHT0pMYmtnTmVmT3NCSWlCR0tWcjJ4WVNQeDh6L04ybmUiLCJzdGFuZGFyZENsYWltcyI6eyJleHAiOjE2MjM2NjY2MjcsImlzcyI6IlNhbHRHcmFtIn19.UCoHkAjfaAkU9qpP2xLFHHUT7BNEivkft7TVm4E-JWU\n","time":"06-14-2021 12:29:36"}
{"data":{},"file":"get.go:45","func":"saltgram/api/handlers.(*Auth).Refresh","level":"info","msg":"Refreshing token: eyJhbGciOiJIUzI1NiIsInR5cCI6IkpXVCJ9.eyJ1c2VybmFtZSI6ImpvdmFuIiwicGFzc3dvcmQiOiIkMmEkMTAkazVDZWVzbHloVi8ya0xQdDMvY2tHT0pMYmtnTmVmT3NCSWlCR0tWcjJ4WVNQeDh6L04ybmUiLCJzdGFuZGFyZENsYWltcyI6eyJleHAiOjE2MjM2NjY2MzYsImlzcyI6IlNhbHRHcmFtIn19.iuUFKw5QGtFdwCmbAzAyuloKutjnjPC3wR_9c6nbJ5o\n","time":"06-14-2021 12:30:14"}
{"data":{},"file":"get.go:40","func":"saltgram/api/handlers.(*Auth).Refresh","level":"error","msg":"failed to get user jws: jws not found\n","time":"06-14-2021 12:30:28"}
{"data":{},"file":"post.go:287","func":"saltgram/api/handlers.(*Auth).Login","level":"info","msg":"jovan logged in\n","time":"06-14-2021 12:30:33"}
{"data":{},"file":"get.go:45","func":"saltgram/api/handlers.(*Auth).Refresh","level":"info","msg":"Refreshing token: eyJhbGciOiJIUzI1NiIsInR5cCI6IkpXVCJ9.eyJ1c2VybmFtZSI6ImpvdmFuIiwicGFzc3dvcmQiOiIkMmEkMTAkazVDZWVzbHloVi8ya0xQdDMvY2tHT0pMYmtnTmVmT3NCSWlCR0tWcjJ4WVNQeDh6L04ybmUiLCJzdGFuZGFyZENsYWltcyI6eyJleHAiOjE2MjM2NjY2MzgsImlzcyI6IlNhbHRHcmFtIn19.6wzAki2KpxP_aehDoR-lwUQWX6oKPw6Ft-AIscTw6ZM\n","time":"06-14-2021 12:30:47"}
{"data":{},"file":"get.go:45","func":"saltgram/api/handlers.(*Auth).Refresh","level":"info","msg":"Refreshing token: eyJhbGciOiJIUzI1NiIsInR5cCI6IkpXVCJ9.eyJ1c2VybmFtZSI6ImpvdmFuIiwicGFzc3dvcmQiOiIkMmEkMTAkazVDZWVzbHloVi8ya0xQdDMvY2tHT0pMYmtnTmVmT3NCSWlCR0tWcjJ4WVNQeDh6L04ybmUiLCJzdGFuZGFyZENsYWltcyI6eyJleHAiOjE2MjM2NjY3MDcsImlzcyI6IlNhbHRHcmFtIn19.Vsxp1qdk6MtMi2GAb1Z_kCMsHeWemab730lLbnKjWZA\n","time":"06-14-2021 12:30:56"}
{"data":{},"file":"main.go:118","func":"main.main","level":"info","msg":"Recieved terminate, graceful shutdown with sigtype: interrupt\n","time":"06-14-2021 12:31:33"}
{"data":{},"file":"main.go:110","func":"main.main.func1","level":"fatal","msg":"while serving: http: Server closed\n","time":"06-14-2021 12:31:33"}
{"data":{},"file":"main.go:24","func":"main.main","level":"info","msg":"Starting API Gateway on port: 8081\n","time":"06-14-2021 12:31:38"}
{"data":{},"file":"post.go:303","func":"saltgram/api/handlers.(*Content).PostProfile","level":"error","msg":"failed to parse request: http: no such file","time":"06-14-2021 12:31:47"}
{"data":{},"file":"main.go:118","func":"main.main","level":"info","msg":"Recieved terminate, graceful shutdown with sigtype: interrupt\n","time":"06-14-2021 12:34:06"}
{"data":{},"file":"main.go:110","func":"main.main.func1","level":"fatal","msg":"while serving: http: Server closed\n","time":"06-14-2021 12:34:06"}
{"data":{},"file":"main.go:24","func":"main.main","level":"info","msg":"Starting API Gateway on port: 8081\n","time":"06-14-2021 12:34:11"}
{"data":{},"file":"post.go:287","func":"saltgram/api/handlers.(*Auth).Login","level":"info","msg":"jovan logged in\n","time":"06-14-2021 12:34:19"}
{"data":{},"file":"get.go:45","func":"saltgram/api/handlers.(*Auth).Refresh","level":"info","msg":"Refreshing token: eyJhbGciOiJIUzI1NiIsInR5cCI6IkpXVCJ9.eyJ1c2VybmFtZSI6ImpvdmFuIiwicGFzc3dvcmQiOiIkMmEkMTAkazVDZWVzbHloVi8ya0xQdDMvY2tHT0pMYmtnTmVmT3NCSWlCR0tWcjJ4WVNQeDh6L04ybmUiLCJzdGFuZGFyZENsYWltcyI6eyJleHAiOjE2MjM2NjY4NjQsImlzcyI6IlNhbHRHcmFtIn19.nFBwkbjv1KD7u-XURQb-qThjEeKT097QJP3B_mejZaA\n","time":"06-14-2021 12:34:30"}
{"data":{},"file":"get.go:45","func":"saltgram/api/handlers.(*Auth).Refresh","level":"info","msg":"Refreshing token: eyJhbGciOiJIUzI1NiIsInR5cCI6IkpXVCJ9.eyJ1c2VybmFtZSI6ImpvdmFuIiwicGFzc3dvcmQiOiIkMmEkMTAkazVDZWVzbHloVi8ya0xQdDMvY2tHT0pMYmtnTmVmT3NCSWlCR0tWcjJ4WVNQeDh6L04ybmUiLCJzdGFuZGFyZENsYWltcyI6eyJleHAiOjE2MjM2NjY5MzAsImlzcyI6IlNhbHRHcmFtIn19.kCcBkt7YMNkT5w30_dm9HbNKZqhmrOLa665bUdMfMtU\n","time":"06-14-2021 12:34:36"}
{"data":{},"file":"post.go:303","func":"saltgram/api/handlers.(*Content).PostProfile","level":"error","msg":"failed to parse request: http: no such file","time":"06-14-2021 12:34:36"}
{"data":{},"file":"main.go:118","func":"main.main","level":"info","msg":"Recieved terminate, graceful shutdown with sigtype: interrupt\n","time":"06-14-2021 12:35:43"}
{"data":{},"file":"main.go:110","func":"main.main.func1","level":"fatal","msg":"while serving: http: Server closed\n","time":"06-14-2021 12:35:43"}
{"data":{},"file":"main.go:24","func":"main.main","level":"info","msg":"Starting API Gateway on port: 8081\n","time":"06-14-2021 12:35:49"}
{"data":{},"file":"post.go:303","func":"saltgram/api/handlers.(*Content).PostProfile","level":"error","msg":"failed to parse request: multipart: NextPart: EOF","time":"06-14-2021 12:36:01"}
{"data":{},"file":"main.go:118","func":"main.main","level":"info","msg":"Recieved terminate, graceful shutdown with sigtype: interrupt\n","time":"06-14-2021 12:36:58"}
{"data":{},"file":"main.go:110","func":"main.main.func1","level":"fatal","msg":"while serving: http: Server closed\n","time":"06-14-2021 12:36:58"}
{"data":{},"file":"main.go:24","func":"main.main","level":"info","msg":"Starting API Gateway on port: 8081\n","time":"06-14-2021 12:38:54"}
{"data":{},"file":"post.go:287","func":"saltgram/api/handlers.(*Auth).Login","level":"info","msg":"jovan logged in\n","time":"06-14-2021 12:39:00"}
{"data":{},"file":"get.go:45","func":"saltgram/api/handlers.(*Auth).Refresh","level":"info","msg":"Refreshing token: eyJhbGciOiJIUzI1NiIsInR5cCI6IkpXVCJ9.eyJ1c2VybmFtZSI6ImpvdmFuIiwicGFzc3dvcmQiOiIkMmEkMTAkazVDZWVzbHloVi8ya0xQdDMvY2tHT0pMYmtnTmVmT3NCSWlCR0tWcjJ4WVNQeDh6L04ybmUiLCJzdGFuZGFyZENsYWltcyI6eyJleHAiOjE2MjM2NjcxNDUsImlzcyI6IlNhbHRHcmFtIn19.myA7Mv35TUNnMO-YCudQP3lnKeNs42-rFHvKljonZJg\n","time":"06-14-2021 12:39:05"}
{"data":{},"file":"get.go:45","func":"saltgram/api/handlers.(*Auth).Refresh","level":"info","msg":"Refreshing token: eyJhbGciOiJIUzI1NiIsInR5cCI6IkpXVCJ9.eyJ1c2VybmFtZSI6ImpvdmFuIiwicGFzc3dvcmQiOiIkMmEkMTAkazVDZWVzbHloVi8ya0xQdDMvY2tHT0pMYmtnTmVmT3NCSWlCR0tWcjJ4WVNQeDh6L04ybmUiLCJzdGFuZGFyZENsYWltcyI6eyJleHAiOjE2MjM2NjcyMDUsImlzcyI6IlNhbHRHcmFtIn19.UEiXR6Vricr0-wFmS8GDUjZNzzJzk2ygAsdXlUVfcOs\n","time":"06-14-2021 12:39:11"}
{"data":{},"file":"post.go:307","func":"saltgram/api/handlers.(*Content).PostProfile","level":"info","msg":"uploaded file: Uruk-hai_scouts.png","time":"06-14-2021 12:39:11"}
{"data":{},"file":"post.go:319","func":"saltgram/api/handlers.(*Content).PostProfile","level":"error","msg":"failed to upload profile image: rpc error: code = Internal desc = Internal server error","time":"06-14-2021 12:39:11"}
{"data":{},"file":"main.go:118","func":"main.main","level":"info","msg":"Recieved terminate, graceful shutdown with sigtype: interrupt\n","time":"06-14-2021 12:39:36"}
{"data":{},"file":"main.go:110","func":"main.main.func1","level":"fatal","msg":"while serving: http: Server closed\n","time":"06-14-2021 12:39:36"}
{"data":{},"file":"main.go:24","func":"main.main","level":"info","msg":"Starting API Gateway on port: 8081\n","time":"06-14-2021 12:39:41"}
{"data":{},"file":"post.go:303","func":"saltgram/api/handlers.(*Content).PostProfile","level":"error","msg":"failed to parse request: http: no such file","time":"06-14-2021 12:39:44"}
{"data":{},"file":"main.go:118","func":"main.main","level":"info","msg":"Recieved terminate, graceful shutdown with sigtype: interrupt\n","time":"06-14-2021 12:40:30"}
{"data":{},"file":"main.go:110","func":"main.main.func1","level":"fatal","msg":"while serving: http: Server closed\n","time":"06-14-2021 12:40:30"}
{"data":{},"file":"main.go:24","func":"main.main","level":"info","msg":"Starting API Gateway on port: 8081\n","time":"06-14-2021 12:40:36"}
{"data":{},"file":"post.go:287","func":"saltgram/api/handlers.(*Auth).Login","level":"info","msg":"jovan logged in\n","time":"06-14-2021 12:40:43"}
{"data":{},"file":"get.go:45","func":"saltgram/api/handlers.(*Auth).Refresh","level":"info","msg":"Refreshing token: eyJhbGciOiJIUzI1NiIsInR5cCI6IkpXVCJ9.eyJ1c2VybmFtZSI6ImpvdmFuIiwicGFzc3dvcmQiOiIkMmEkMTAkazVDZWVzbHloVi8ya0xQdDMvY2tHT0pMYmtnTmVmT3NCSWlCR0tWcjJ4WVNQeDh6L04ybmUiLCJzdGFuZGFyZENsYWltcyI6eyJleHAiOjE2MjM2NjcyNDgsImlzcyI6IlNhbHRHcmFtIn19.i8-XBnjaUeLoY0jnxEnf2Oi3SqFLmh8Dlhi6OqcV3Mk\n","time":"06-14-2021 12:40:53"}
{"data":{},"file":"get.go:45","func":"saltgram/api/handlers.(*Auth).Refresh","level":"info","msg":"Refreshing token: eyJhbGciOiJIUzI1NiIsInR5cCI6IkpXVCJ9.eyJ1c2VybmFtZSI6ImpvdmFuIiwicGFzc3dvcmQiOiIkMmEkMTAkazVDZWVzbHloVi8ya0xQdDMvY2tHT0pMYmtnTmVmT3NCSWlCR0tWcjJ4WVNQeDh6L04ybmUiLCJzdGFuZGFyZENsYWltcyI6eyJleHAiOjE2MjM2NjczMTMsImlzcyI6IlNhbHRHcmFtIn19.xr5WEDvqkvdJHe5KxV-KLi_r-szAF1TfNoui7f29gLQ\n","time":"06-14-2021 12:40:58"}
{"data":{},"file":"post.go:303","func":"saltgram/api/handlers.(*Content).PostProfile","level":"error","msg":"failed to parse request: http: no such file","time":"06-14-2021 12:40:58"}
{"data":{},"file":"main.go:118","func":"main.main","level":"info","msg":"Recieved terminate, graceful shutdown with sigtype: interrupt\n","time":"06-14-2021 12:42:27"}
{"data":{},"file":"main.go:110","func":"main.main.func1","level":"fatal","msg":"while serving: http: Server closed\n","time":"06-14-2021 12:42:27"}
{"data":{},"file":"main.go:24","func":"main.main","level":"info","msg":"Starting API Gateway on port: 8081\n","time":"06-14-2021 12:42:33"}
{"data":{},"file":"post.go:287","func":"saltgram/api/handlers.(*Auth).Login","level":"info","msg":"jovan logged in\n","time":"06-14-2021 12:42:40"}
{"data":{},"file":"get.go:45","func":"saltgram/api/handlers.(*Auth).Refresh","level":"info","msg":"Refreshing token: eyJhbGciOiJIUzI1NiIsInR5cCI6IkpXVCJ9.eyJ1c2VybmFtZSI6ImpvdmFuIiwicGFzc3dvcmQiOiIkMmEkMTAkazVDZWVzbHloVi8ya0xQdDMvY2tHT0pMYmtnTmVmT3NCSWlCR0tWcjJ4WVNQeDh6L04ybmUiLCJzdGFuZGFyZENsYWltcyI6eyJleHAiOjE2MjM2NjczNjUsImlzcyI6IlNhbHRHcmFtIn19.odVrSHa2MWwWfOe31OINt3cZ4qn2DuoeRhBx0pU5WcI\n","time":"06-14-2021 12:42:49"}
{"data":{},"file":"get.go:45","func":"saltgram/api/handlers.(*Auth).Refresh","level":"info","msg":"Refreshing token: eyJhbGciOiJIUzI1NiIsInR5cCI6IkpXVCJ9.eyJ1c2VybmFtZSI6ImpvdmFuIiwicGFzc3dvcmQiOiIkMmEkMTAkazVDZWVzbHloVi8ya0xQdDMvY2tHT0pMYmtnTmVmT3NCSWlCR0tWcjJ4WVNQeDh6L04ybmUiLCJzdGFuZGFyZENsYWltcyI6eyJleHAiOjE2MjM2Njc0MjksImlzcyI6IlNhbHRHcmFtIn19.-V73GCAmzXznEO8x0xyh3xro0khv6x1fjMlnQ3jc2dg\n","time":"06-14-2021 12:42:57"}
{"data":{},"file":"post.go:303","func":"saltgram/api/handlers.(*Content).PostProfile","level":"error","msg":"failed to parse request: http: no such file","time":"06-14-2021 12:42:57"}
{"data":{},"file":"main.go:118","func":"main.main","level":"info","msg":"Recieved terminate, graceful shutdown with sigtype: interrupt\n","time":"06-14-2021 12:42:59"}
{"data":{},"file":"main.go:110","func":"main.main.func1","level":"fatal","msg":"while serving: http: Server closed\n","time":"06-14-2021 12:42:59"}
