{"data":{},"file":"main.go:21","func":"main.main","level":"info","msg":"Starting Auth microservice on port: 8082\n","time":"06-11-2021 08:44:08"}
{"data":{},"file":"database.go:41","func":"saltgram/auth/data.(*DBConn).ConnectToDb","level":"info","msg":"Connected to Auth db!","time":"06-11-2021 08:44:09"}
{"data":{},"file":"main.go:21","func":"main.main","level":"info","msg":"Starting Auth microservice on port: 8082\n","time":"06-11-2021 08:45:23"}
{"data":{},"file":"database.go:41","func":"saltgram/auth/data.(*DBConn).ConnectToDb","level":"info","msg":"Connected to Auth db!","time":"06-11-2021 08:45:24"}
{"data":{},"file":"main.go:21","func":"main.main","level":"info","msg":"Starting Auth microservice on port: 8082\n","time":"06-11-2021 09:04:11"}
{"data":{},"file":"database.go:41","func":"saltgram/auth/data.(*DBConn).ConnectToDb","level":"info","msg":"Connected to Auth db!","time":"06-11-2021 09:04:12"}
{"data":{},"file":"main.go:21","func":"main.main","level":"info","msg":"Starting Auth microservice on port: 8082\n","time":"06-11-2021 10:12:50"}
{"data":{},"file":"database.go:41","func":"saltgram/auth/data.(*DBConn).ConnectToDb","level":"info","msg":"Connected to Auth db!","time":"06-11-2021 10:12:50"}
{"data":{},"file":"main.go:21","func":"main.main","level":"info","msg":"Starting Auth microservice on port: 8082\n","time":"06-11-2021 10:46:41"}
{"data":{},"file":"database.go:41","func":"saltgram/auth/data.(*DBConn).ConnectToDb","level":"info","msg":"Connected to Auth db!","time":"06-11-2021 10:46:41"}
{"data":{},"file":"main.go:21","func":"main.main","level":"info","msg":"Starting Auth microservice on port: 8082\n","time":"06-11-2021 10:51:37"}
{"data":{},"file":"database.go:41","func":"saltgram/auth/data.(*DBConn).ConnectToDb","level":"info","msg":"Connected to Auth db!","time":"06-11-2021 10:51:37"}
{"data":{},"file":"main.go:21","func":"main.main","level":"info","msg":"Starting Auth microservice on port: 8082\n","time":"06-11-2021 10:54:04"}
{"data":{},"file":"database.go:41","func":"saltgram/auth/data.(*DBConn).ConnectToDb","level":"info","msg":"Connected to Auth db!","time":"06-11-2021 10:54:04"}
{"data":{},"file":"main.go:21","func":"main.main","level":"info","msg":"Starting Auth microservice on port: 8082\n","time":"06-11-2021 10:54:54"}
{"data":{},"file":"database.go:41","func":"saltgram/auth/data.(*DBConn).ConnectToDb","level":"info","msg":"Connected to Auth db!","time":"06-11-2021 10:54:54"}
{"data":{},"file":"main.go:21","func":"main.main","level":"info","msg":"Starting Auth microservice on port: 8082\n","time":"06-11-2021 10:55:53"}
{"data":{},"file":"database.go:41","func":"saltgram/auth/data.(*DBConn).ConnectToDb","level":"info","msg":"Connected to Auth db!","time":"06-11-2021 10:55:54"}
{"data":{},"file":"main.go:21","func":"main.main","level":"info","msg":"Starting Auth microservice on port: 8082\n","time":"06-11-2021 11:00:33"}
{"data":{},"file":"database.go:41","func":"saltgram/auth/data.(*DBConn).ConnectToDb","level":"info","msg":"Connected to Auth db!","time":"06-11-2021 11:00:34"}
{"data":{},"file":"auth.go:54","func":"saltgram/auth/grpc/servers.(*Auth).Get2FAQR","level":"info","msg":"doing 2FA for: jovan\n","time":"06-11-2021 11:02:52"}
{"data":{},"file":"auth.go:54","func":"saltgram/auth/grpc/servers.(*Auth).Get2FAQR","level":"info","msg":"doing 2FA for: jovan\n","time":"06-11-2021 11:02:52"}
{"data":{},"file":"main.go:21","func":"main.main","level":"info","msg":"Starting Auth microservice on port: 8082\n","time":"06-11-2021 11:05:57"}
{"data":{},"file":"database.go:41","func":"saltgram/auth/data.(*DBConn).ConnectToDb","level":"info","msg":"Connected to Auth db!","time":"06-11-2021 11:05:57"}
{"data":{},"file":"auth.go:54","func":"saltgram/auth/grpc/servers.(*Auth).Get2FAQR","level":"info","msg":"doing 2FA for: jovan\n","time":"06-11-2021 11:06:04"}
{"data":{},"file":"main.go:21","func":"main.main","level":"info","msg":"Starting Auth microservice on port: 8082\n","time":"06-11-2021 11:07:30"}
{"data":{},"file":"database.go:41","func":"saltgram/auth/data.(*DBConn).ConnectToDb","level":"info","msg":"Connected to Auth db!","time":"06-11-2021 11:07:31"}
{"data":{},"file":"auth.go:54","func":"saltgram/auth/grpc/servers.(*Auth).Get2FAQR","level":"info","msg":"doing 2FA for: jovan\n","time":"06-11-2021 11:08:34"}
{"data":{},"file":"auth.go:54","func":"saltgram/auth/grpc/servers.(*Auth).Get2FAQR","level":"info","msg":"doing 2FA for: jovan\n","time":"06-11-2021 11:17:23"}
{"data":{},"file":"auth.go:54","func":"saltgram/auth/grpc/servers.(*Auth).Get2FAQR","level":"info","msg":"doing 2FA for: jovan\n","time":"06-11-2021 11:21:13"}
{"data":{},"file":"main.go:21","func":"main.main","level":"info","msg":"Starting Auth microservice on port: 8082\n","time":"06-11-2021 11:23:10"}
{"data":{},"file":"database.go:41","func":"saltgram/auth/data.(*DBConn).ConnectToDb","level":"info","msg":"Connected to Auth db!","time":"06-11-2021 11:23:10"}
{"data":{},"file":"auth.go:54","func":"saltgram/auth/grpc/servers.(*Auth).Get2FAQR","level":"info","msg":"doing 2FA for: jovan\n","time":"06-11-2021 11:24:04"}
{"data":{},"file":"auth.go:54","func":"saltgram/auth/grpc/servers.(*Auth).Get2FAQR","level":"info","msg":"doing 2FA for: jovan\n","time":"06-11-2021 11:29:16"}
{"data":{},"file":"auth.go:54","func":"saltgram/auth/grpc/servers.(*Auth).Get2FAQR","level":"info","msg":"doing 2FA for: jovan\n","time":"06-11-2021 11:32:06"}
{"data":{},"file":"auth.go:54","func":"saltgram/auth/grpc/servers.(*Auth).Get2FAQR","level":"info","msg":"doing 2FA for: jovan\n","time":"06-11-2021 11:33:53"}
{"data":{},"file":"auth.go:54","func":"saltgram/auth/grpc/servers.(*Auth).Get2FAQR","level":"info","msg":"doing 2FA for: jovan\n","time":"06-11-2021 11:40:01"}
{"data":{},"file":"main.go:21","func":"main.main","level":"info","msg":"Starting Auth microservice on port: 8082\n","time":"06-11-2021 11:45:20"}
{"data":{},"file":"database.go:41","func":"saltgram/auth/data.(*DBConn).ConnectToDb","level":"info","msg":"Connected to Auth db!","time":"06-11-2021 11:45:20"}
{"data":{},"file":"auth.go:54","func":"saltgram/auth/grpc/servers.(*Auth).Get2FAQR","level":"info","msg":"doing 2FA for: jovan\n","time":"06-11-2021 11:46:36"}
{"data":{},"file":"auth.go:39","func":"saltgram/auth/grpc/servers.(*Auth).Authenticate2FA","level":"info","msg":"authenticating 2FA with token: 087560\n","time":"06-11-2021 11:46:59"}
{"data":{},"file":"auth.go:39","func":"saltgram/auth/grpc/servers.(*Auth).Authenticate2FA","level":"info","msg":"authenticating 2FA with token: 087560\n","time":"06-11-2021 11:47:03"}
{"data":{},"file":"auth.go:39","func":"saltgram/auth/grpc/servers.(*Auth).Authenticate2FA","level":"info","msg":"authenticating 2FA with token: 087560\n","time":"06-11-2021 11:47:30"}
{"data":{},"file":"auth.go:47","func":"saltgram/auth/grpc/servers.(*Auth).Authenticate2FA","level":"warning","msg":"failure authenticating 2FA token: 087560\n","time":"06-11-2021 11:47:30"}
{"data":{},"file":"auth.go:39","func":"saltgram/auth/grpc/servers.(*Auth).Authenticate2FA","level":"info","msg":"authenticating 2FA with token: 105049\n","time":"06-11-2021 11:47:49"}
{"data":{},"file":"auth.go:54","func":"saltgram/auth/grpc/servers.(*Auth).Get2FAQR","level":"info","msg":"doing 2FA for: jovan\n","time":"06-11-2021 11:49:48"}
{"data":{},"file":"auth.go:39","func":"saltgram/auth/grpc/servers.(*Auth).Authenticate2FA","level":"info","msg":"authenticating 2FA with token: 774747\n","time":"06-11-2021 11:50:04"}
{"data":{},"file":"auth.go:39","func":"saltgram/auth/grpc/servers.(*Auth).Authenticate2FA","level":"info","msg":"authenticating 2FA with token: 774747\n","time":"06-11-2021 11:50:08"}
{"data":{},"file":"auth.go:54","func":"saltgram/auth/grpc/servers.(*Auth).Get2FAQR","level":"info","msg":"doing 2FA for: jovan\n","time":"06-11-2021 11:51:31"}
{"data":{},"file":"auth.go:39","func":"saltgram/auth/grpc/servers.(*Auth).Authenticate2FA","level":"info","msg":"authenticating 2FA with token: 228540\n","time":"06-11-2021 11:51:45"}
{"data":{},"file":"auth.go:54","func":"saltgram/auth/grpc/servers.(*Auth).Get2FAQR","level":"info","msg":"doing 2FA for: jovan\n","time":"06-11-2021 11:53:46"}
{"data":{},"file":"auth.go:54","func":"saltgram/auth/grpc/servers.(*Auth).Get2FAQR","level":"info","msg":"doing 2FA for: jovan\n","time":"06-11-2021 11:54:16"}
{"data":{},"file":"auth.go:39","func":"saltgram/auth/grpc/servers.(*Auth).Authenticate2FA","level":"info","msg":"authenticating 2FA with token: 865611\n","time":"06-11-2021 11:54:26"}
{"data":{},"file":"main.go:21","func":"main.main","level":"info","msg":"Starting Auth microservice on port: 8082\n","time":"06-11-2021 11:55:17"}
{"data":{},"file":"database.go:41","func":"saltgram/auth/data.(*DBConn).ConnectToDb","level":"info","msg":"Connected to Auth db!","time":"06-11-2021 11:55:18"}
{"data":{},"file":"auth.go:54","func":"saltgram/auth/grpc/servers.(*Auth).Get2FAQR","level":"info","msg":"doing 2FA for: jovan\n","time":"06-11-2021 11:56:19"}
{"data":{},"file":"auth.go:39","func":"saltgram/auth/grpc/servers.(*Auth).Authenticate2FA","level":"info","msg":"authenticating 2FA with token: 165884\n","time":"06-11-2021 11:56:36"}
{"data":{},"file":"auth.go:252","func":"saltgram/auth/grpc/servers.(*Auth).Login","level":"error","msg":"failure validating password: rpc error: code = Unknown desc = invalid password\n","time":"06-11-2021 11:56:58"}
{"data":{},"file":"auth.go:54","func":"saltgram/auth/grpc/servers.(*Auth).Get2FAQR","level":"info","msg":"doing 2FA for: jovan\n","time":"06-11-2021 11:57:01"}
{"data":{},"file":"auth.go:39","func":"saltgram/auth/grpc/servers.(*Auth).Authenticate2FA","level":"info","msg":"authenticating 2FA with token: 746286\n","time":"06-11-2021 11:57:16"}
{"data":{},"file":"auth.go:54","func":"saltgram/auth/grpc/servers.(*Auth).Get2FAQR","level":"info","msg":"doing 2FA for: jovan\n","time":"06-11-2021 11:58:24"}
{"data":{},"file":"main.go:21","func":"main.main","level":"info","msg":"Starting Auth microservice on port: 8082\n","time":"06-11-2021 13:09:02"}
{"data":{},"file":"database.go:41","func":"saltgram/auth/data.(*DBConn).ConnectToDb","level":"info","msg":"Connected to Auth db!","time":"06-11-2021 13:09:18"}
{"data":{},"file":"auth.go:54","func":"saltgram/auth/grpc/servers.(*Auth).Get2FAQR","level":"info","msg":"doing 2FA for: jovan\n","time":"06-11-2021 13:09:46"}
{"data":{},"file":"auth.go:54","func":"saltgram/auth/grpc/servers.(*Auth).Get2FAQR","level":"info","msg":"doing 2FA for: jovan\n","time":"06-11-2021 13:10:00"}
{"data":{},"file":"auth.go:39","func":"saltgram/auth/grpc/servers.(*Auth).Authenticate2FA","level":"info","msg":"authenticating 2FA with token: 082891\n","time":"06-11-2021 13:10:25"}
{"data":{},"file":"main.go:21","func":"main.main","level":"info","msg":"Starting Auth microservice on port: 8082\n","time":"06-14-2021 08:18:42"}
{"data":{},"file":"database.go:41","func":"saltgram/auth/data.(*DBConn).ConnectToDb","level":"info","msg":"Connected to Auth db!","time":"06-14-2021 08:22:13"}
{"data":{},"file":"auth.go:54","func":"saltgram/auth/grpc/servers.(*Auth).Get2FAQR","level":"info","msg":"doing 2FA for: jovan\n","time":"06-14-2021 08:22:19"}
{"data":{},"file":"auth.go:39","func":"saltgram/auth/grpc/servers.(*Auth).Authenticate2FA","level":"info","msg":"authenticating 2FA with token: 952256\n","time":"06-14-2021 08:22:41"}
{"data":{},"file":"main.go:21","func":"main.main","level":"info","msg":"Starting Auth microservice on port: 8082\n","time":"06-14-2021 12:13:14"}
{"data":{},"file":"database.go:41","func":"saltgram/auth/data.(*DBConn).ConnectToDb","level":"info","msg":"Connected to Auth db!","time":"06-14-2021 12:13:15"}
{"data":{},"file":"auth.go:54","func":"saltgram/auth/grpc/servers.(*Auth).Get2FAQR","level":"info","msg":"doing 2FA for: jovan\n","time":"06-14-2021 12:14:06"}
{"data":{},"file":"auth.go:39","func":"saltgram/auth/grpc/servers.(*Auth).Authenticate2FA","level":"info","msg":"authenticating 2FA with token: 311687\n","time":"06-14-2021 12:14:26"}
{"data":{},"file":"main.go:21","func":"main.main","level":"info","msg":"Starting Auth microservice on port: 8082\n","time":"06-14-2021 12:27:23"}
{"data":{},"file":"database.go:41","func":"saltgram/auth/data.(*DBConn).ConnectToDb","level":"info","msg":"Connected to Auth db!","time":"06-14-2021 12:27:23"}
{"data":{},"file":"auth.go:54","func":"saltgram/auth/grpc/servers.(*Auth).Get2FAQR","level":"info","msg":"doing 2FA for: jovan\n","time":"06-14-2021 12:29:08"}
{"data":{},"file":"auth.go:39","func":"saltgram/auth/grpc/servers.(*Auth).Authenticate2FA","level":"info","msg":"authenticating 2FA with token: 440288\n","time":"06-14-2021 12:29:26"}
{"data":{},"file":"auth.go:54","func":"saltgram/auth/grpc/servers.(*Auth).Get2FAQR","level":"info","msg":"doing 2FA for: jovan\n","time":"06-14-2021 12:30:33"}
{"data":{},"file":"auth.go:39","func":"saltgram/auth/grpc/servers.(*Auth).Authenticate2FA","level":"info","msg":"authenticating 2FA with token: 276597\n","time":"06-14-2021 12:30:47"}
{"data":{},"file":"main.go:21","func":"main.main","level":"info","msg":"Starting Auth microservice on port: 8082\n","time":"06-14-2021 12:31:38"}
{"data":{},"file":"database.go:41","func":"saltgram/auth/data.(*DBConn).ConnectToDb","level":"info","msg":"Connected to Auth db!","time":"06-14-2021 12:31:39"}
{"data":{},"file":"main.go:21","func":"main.main","level":"info","msg":"Starting Auth microservice on port: 8082\n","time":"06-14-2021 12:34:11"}
{"data":{},"file":"database.go:41","func":"saltgram/auth/data.(*DBConn).ConnectToDb","level":"info","msg":"Connected to Auth db!","time":"06-14-2021 12:34:12"}
{"data":{},"file":"auth.go:54","func":"saltgram/auth/grpc/servers.(*Auth).Get2FAQR","level":"info","msg":"doing 2FA for: jovan\n","time":"06-14-2021 12:34:20"}
{"data":{},"file":"auth.go:39","func":"saltgram/auth/grpc/servers.(*Auth).Authenticate2FA","level":"info","msg":"authenticating 2FA with token: 468867\n","time":"06-14-2021 12:34:30"}
{"data":{},"file":"main.go:21","func":"main.main","level":"info","msg":"Starting Auth microservice on port: 8082\n","time":"06-14-2021 12:35:48"}
{"data":{},"file":"database.go:41","func":"saltgram/auth/data.(*DBConn).ConnectToDb","level":"info","msg":"Connected to Auth db!","time":"06-14-2021 12:35:49"}
{"data":{},"file":"main.go:21","func":"main.main","level":"info","msg":"Starting Auth microservice on port: 8082\n","time":"06-14-2021 12:38:54"}
{"data":{},"file":"database.go:41","func":"saltgram/auth/data.(*DBConn).ConnectToDb","level":"info","msg":"Connected to Auth db!","time":"06-14-2021 12:38:55"}
{"data":{},"file":"auth.go:54","func":"saltgram/auth/grpc/servers.(*Auth).Get2FAQR","level":"info","msg":"doing 2FA for: jovan\n","time":"06-14-2021 12:39:00"}
{"data":{},"file":"auth.go:39","func":"saltgram/auth/grpc/servers.(*Auth).Authenticate2FA","level":"info","msg":"authenticating 2FA with token: 404166\n","time":"06-14-2021 12:39:04"}
{"data":{},"file":"main.go:21","func":"main.main","level":"info","msg":"Starting Auth microservice on port: 8082\n","time":"06-14-2021 12:39:41"}
{"data":{},"file":"database.go:41","func":"saltgram/auth/data.(*DBConn).ConnectToDb","level":"info","msg":"Connected to Auth db!","time":"06-14-2021 12:39:42"}
{"data":{},"file":"main.go:21","func":"main.main","level":"info","msg":"Starting Auth microservice on port: 8082\n","time":"06-14-2021 12:40:36"}
{"data":{},"file":"database.go:41","func":"saltgram/auth/data.(*DBConn).ConnectToDb","level":"info","msg":"Connected to Auth db!","time":"06-14-2021 12:40:36"}
{"data":{},"file":"auth.go:54","func":"saltgram/auth/grpc/servers.(*Auth).Get2FAQR","level":"info","msg":"doing 2FA for: jovan\n","time":"06-14-2021 12:40:43"}
{"data":{},"file":"auth.go:39","func":"saltgram/auth/grpc/servers.(*Auth).Authenticate2FA","level":"info","msg":"authenticating 2FA with token: 536233\n","time":"06-14-2021 12:40:52"}
{"data":{},"file":"main.go:21","func":"main.main","level":"info","msg":"Starting Auth microservice on port: 8082\n","time":"06-14-2021 12:42:34"}
{"data":{},"file":"database.go:41","func":"saltgram/auth/data.(*DBConn).ConnectToDb","level":"info","msg":"Connected to Auth db!","time":"06-14-2021 12:42:34"}
{"data":{},"file":"auth.go:54","func":"saltgram/auth/grpc/servers.(*Auth).Get2FAQR","level":"info","msg":"doing 2FA for: jovan\n","time":"06-14-2021 12:42:41"}
{"data":{},"file":"auth.go:39","func":"saltgram/auth/grpc/servers.(*Auth).Authenticate2FA","level":"info","msg":"authenticating 2FA with token: 002316\n","time":"06-14-2021 12:42:49"}
